<?xml version="1.0" encoding="UTF-8"?>
<!-- Generated by org.testng.reporters.JUnitReportReporter -->
<testsuite skipped="0" hostname="USMECOSMOHAMME2" name="org.amazon.testautomationsuite.web.smoke.RegisterUserTest" tests="1" failures="0" timestamp="03 Oct 2019 04:32:16 GMT" time="6.802" errors="0">
  <testcase name="automationTestScript" time="6.802" classname="org.amazon.testautomationsuite.web.smoke.RegisterUserTest"/>
</testsuite> <!-- org.amazon.testautomationsuite.web.smoke.RegisterUserTest -->
