<?xml version="1.0" encoding="UTF-8"?>
<!-- Generated by org.testng.reporters.JUnitReportReporter -->
<testsuite hostname="USMECOSMOHAMME2" name="org.amazon.testautomationsuite.web.smoke.RegisterUserTest" tests="1" failures="0" timestamp="15 Oct 2019 02:18:47 GMT" time="0.023" errors="0">
  <testcase name="automationTestScript" time="0.023" classname="org.amazon.testautomationsuite.web.smoke.RegisterUserTest"/>
</testsuite> <!-- org.amazon.testautomationsuite.web.smoke.RegisterUserTest -->
